<?xml version="1.0" encoding="UTF-8"?>
<!-- Generated by org.testng.reporters.JUnitReportReporter -->
<testsuite hostname="DESKTOP-IRSR8MK" failures="0" tests="1" name="com.adactinhotelapp.TestRunner.FaceBook" time="11.508" errors="0" timestamp="08 Oct 2024 11:15:09 GMT" skipped="0">
  <testcase classname="com.adactinhotelapp.TestRunner.FaceBook" name="runTest" time="11.508"/>
</testsuite> <!-- com.adactinhotelapp.TestRunner.FaceBook -->
